Сборка начата 28.10.2024 2:54:12.
Уровень детализации журнала: Normal.     1>Проект "D:\prog\ОАиП\Лабы\Lab8\num4\num4.vcxproj" в узле 2 (целевые объекты Build).
     1>PrepareForBuild:
         Структурированный вывод включен. Форматирование диагностики компилятора будет отражать иерархию ошибок. Подробнее см. https://aka.ms/cpp/structured-output.
       InitializeBuildStatus:
         Создание "x64\Debug\num4.tlog\unsuccessfulbuild", так как было задано "AlwaysCreate".
         Обращение к "x64\Debug\num4.tlog\unsuccessfulbuild".
       ClCompile:
         C:\Program Files\Microsoft Visual Studio\2022\Community\VC\Tools\MSVC\14.41.34120\bin\HostX64\x64\CL.exe /c /ZI /JMC /nologo /W3 /WX- /diagnostics:column /sdl /Od /D _DEBUG /D _CONSOLE /D _UNICODE /D UNICODE /Gm- /EHsc /RTC1 /MDd /GS /fp:precise /Zc:wchar_t /Zc:forScope /Zc:inline /permissive- /Fo"x64\Debug\\" /Fd"x64\Debug\vc143.pdb" /external:W3 /Gd /TP /FC /errorReport:prompt num4.cpp
         num4.cpp
     1>D:\prog\ОАиП\Лабы\Lab8\num4\num4.cpp(5,16): warning C4305: инициализация: усечение из "double" в "float"
     1>D:\prog\ОАиП\Лабы\Lab8\num4\num4.cpp(8,28): warning C4244: +=: преобразование "double" в "float", возможна потеря данных
       Link:
         C:\Program Files\Microsoft Visual Studio\2022\Community\VC\Tools\MSVC\14.41.34120\bin\HostX64\x64\link.exe /ERRORREPORT:PROMPT /OUT:"D:\prog\ОАиП\Лабы\Lab8\x64\Debug\num4.exe" /INCREMENTAL /ILK:"x64\Debug\num4.ilk" /NOLOGO kernel32.lib user32.lib gdi32.lib winspool.lib comdlg32.lib advapi32.lib shell32.lib ole32.lib oleaut32.lib uuid.lib odbc32.lib odbccp32.lib /MANIFEST /MANIFESTUAC:"level='asInvoker' uiAccess='false'" /manifest:embed /DEBUG /PDB:"D:\prog\ОАиП\Лабы\Lab8\x64\Debug\num4.pdb" /SUBSYSTEM:CONSOLE /TLBID:1 /DYNAMICBASE /NXCOMPAT /IMPLIB:"D:\prog\ОАиП\Лабы\Lab8\x64\Debug\num4.lib" /MACHINE:X64 x64\Debug\num4.obj
         num4.vcxproj -> D:\prog\ОАиП\Лабы\Lab8\x64\Debug\num4.exe
       FinalizeBuildStatus:
         Файл "x64\Debug\num4.tlog\unsuccessfulbuild" удаляется.
         Обращение к "x64\Debug\num4.tlog\num4.lastbuildstate".
     1>Сборка проекта "D:\prog\ОАиП\Лабы\Lab8\num4\num4.vcxproj" завершена (целевые объекты Build).

Сборка успешно завершена.

       "D:\prog\ОАиП\Лабы\Lab8\num4\num4.vcxproj" (целевой объект Build ) (1) ->
       (Целевой объект ClCompile) -> 
         D:\prog\ОАиП\Лабы\Lab8\num4\num4.cpp(5,16): warning C4305: инициализация: усечение из "double" в "float"
         D:\prog\ОАиП\Лабы\Lab8\num4\num4.cpp(8,28): warning C4244: +=: преобразование "double" в "float", возможна потеря данных

    Предупреждений: 2
    Ошибок: 0

Прошло времени 00:00:00.56
